(node:10178) Warning: Accessing non-existent property 'padLevels' of module exports inside circular dependency
(Use `node --trace-warnings ...` to show where the warning was created)
Started with the following options:
{
  debug: true,
  mitmIp: '10.0.3.1',
  autoAccess: true,
  autoAccessCache: 5000,
  maxAttemptsPerConnection: 6,
  sshServerIdentifier: 'SSH-2.0-OpenSSH_6.6.1p1 Ubuntu-2ubuntu2',
  containerMountPathPrefix: '/var/lib/lxc',
  containerMountPathSuffix: 'rootfs/',
  loggingAttackerStreams: '/home/student/MITM/logs/session_streams',
  loggingAuthenticationAttempts: '/home/student/MITM/logs/authentication_attempts',
  loggingLogins: '/home/student/MITM/logs/logins',
  loggingLogouts: '/home/student/MITM/logs/logouts',
  loggingKeystrokes: '/home/student/MITM/logs/keystrokes',
  containerName: 'container2',
  containerIp: '10.0.3.95',
  mitmPort: 54802,
  autoAccessFixed: 1
}
2024-10-24 16:07:38.735 - [Info] MITM Version: 2
2024-10-24 16:07:38.737 - [Info] Auto Access Enabled: true
2024-10-24 16:07:38.739 - [Debug] [Init] Auto Access Theshold Achieved: false
2024-10-24 16:07:38.747 - [Info] SSH man-in-the-middle server for 10.0.3.95 listening on 10.0.3.1:54802
2024-10-24 16:07:47.765 - [Debug] [Connection] Attacker connected: 10.175.1.188 | Client Identification: SSH-2.0-OpenSSH_9.8
2024-10-24 16:07:49.031 - [Debug] [Auth] Attacker 10.175.1.188 trying to authenticate with 'none'
2024-10-24 16:07:49.032 - [Debug] [Auth] Attacker authentication error: No authentication method provided
2024-10-24 16:07:49.042 - [Debug] [Auth] Attacker 10.175.1.188 trying to authenticate with 'publickey'
2024-10-24 16:07:49.043 - [Debug] [Auth] Attacker authentication error: Publickey authentication failed
2024-10-24 16:07:49.044 - [Debug] [Auth] Attacker: 10.175.1.188 has so far made 1 attempts. Remaining: 5 attempts
2024-10-24 16:07:49.786 - [Debug] [Auth] Attacker 10.175.1.188 trying to authenticate with 'password'
2024-10-24 16:07:49.787 - [Debug] [Auto Access] Attacker: 10.175.1.188, Threshold: 1, Attempts: 1
2024-10-24 16:07:49.787 - [Debug] [Auto Access] Compromising the honeypot
2024-10-24 16:07:49.787 - [Debug] [Auto Access] Adding the following credentials: 'devpatel:hshs'
2024-10-24 16:07:50.201 - [Debug] [Auto Access] Auto-access is now disabled for the remainder of this MITM server instance
2024-10-24 16:07:50.203 - [Debug] [Auth] Valid credentials - Password Authentication
2024-10-24 16:07:50.204 - [Debug] [LXC] Attempting to connect to the honeypot: 10.0.3.95
2024-10-24 16:07:50.286 - [Debug] [LXC-Auth] Attacker authenticated and is inside container
2024-10-24 16:07:50.476 - [Debug] [SHELL] Opened shell for attacker
2024-10-24 16:07:50.480 - [Debug] [LXC Streams] New Stream | Total Streams: 1
2024-10-24 16:07:53.262 - [Debug] [SHELL] Attacker Keystroke: h
2024-10-24 16:07:53.476 - [Debug] [SHELL] Attacker Keystroke: i
2024-10-24 16:07:53.645 - [Debug] [SHELL] Attacker Keystroke: [Space]
2024-10-24 16:07:53.814 - [Debug] [SHELL] Attacker Keystroke: [CR]
2024-10-24 16:07:53.817 - [Debug] [SHELL] line from reader: hi 
2024-10-24 16:07:53.817 - [Debug] [SHELL] Keystroke buffer: 104,105,32,13
2024-10-24 16:07:54.625 - [Debug] [SHELL] Attacker Keystroke: l
2024-10-24 16:07:54.691 - [Debug] [SHELL] Attacker Keystroke: s
2024-10-24 16:07:54.971 - [Debug] [SHELL] Attacker Keystroke: [CR]
2024-10-24 16:07:54.977 - [Debug] [SHELL] line from reader: ls
2024-10-24 16:07:54.977 - [Debug] [SHELL] Keystroke buffer: 108,115,13
2024-10-24 16:07:56.883 - [Debug] [SHELL] Attacker Keystroke: e
2024-10-24 16:07:57.070 - [Debug] [SHELL] Attacker Keystroke: c
2024-10-24 16:07:57.139 - [Debug] [SHELL] Attacker Keystroke: h
2024-10-24 16:07:57.225 - [Debug] [SHELL] Attacker Keystroke: o
2024-10-24 16:07:57.312 - [Debug] [SHELL] Attacker Keystroke: [Space]
2024-10-24 16:07:57.428 - [Debug] [SHELL] Attacker Keystroke: h
2024-10-24 16:07:57.520 - [Debug] [SHELL] Attacker Keystroke: e
2024-10-24 16:07:57.612 - [Debug] [SHELL] Attacker Keystroke: l
2024-10-24 16:07:57.730 - [Debug] [SHELL] Attacker Keystroke: l
2024-10-24 16:07:57.866 - [Debug] [SHELL] Attacker Keystroke: o
2024-10-24 16:07:57.931 - [Debug] [SHELL] Attacker Keystroke: [Space]
2024-10-24 16:07:58.195 - [Debug] [SHELL] Attacker Keystroke: [CR]
2024-10-24 16:07:58.196 - [Debug] [SHELL] line from reader: echo hello 
2024-10-24 16:07:58.196 - [Debug] [SHELL] Keystroke buffer: 101,99,104,111,32,104,101,108,108,111,32,13
2024-10-24 16:07:59.435 - [Debug] [SHELL] Attacker Keystroke: q
2024-10-24 16:07:59.652 - [Debug] [SHELL] Attacker Keystroke: u
2024-10-24 16:07:59.720 - [Debug] [SHELL] Attacker Keystroke: i
2024-10-24 16:07:59.913 - [Debug] [SHELL] Attacker Keystroke: t
2024-10-24 16:08:00.125 - [Debug] [SHELL] Attacker Keystroke: [CR]
2024-10-24 16:08:00.127 - [Debug] [SHELL] line from reader: quit
2024-10-24 16:08:00.127 - [Debug] [SHELL] Keystroke buffer: 113,117,105,116,13
2024-10-24 16:08:01.789 - [Debug] [SHELL] Attacker Keystroke: e
2024-10-24 16:08:01.975 - [Debug] [SHELL] Attacker Keystroke: x
2024-10-24 16:08:02.022 - [Debug] [SHELL] Attacker Keystroke: i
2024-10-24 16:08:02.194 - [Debug] [SHELL] Attacker Keystroke: t
2024-10-24 16:08:02.235 - [Debug] [SHELL] Attacker Keystroke: [Space]
2024-10-24 16:08:02.468 - [Debug] [SHELL] Attacker Keystroke: [CR]
2024-10-24 16:08:02.475 - [Debug] [SHELL] line from reader: exit 
2024-10-24 16:08:02.475 - [Debug] [SHELL] Keystroke buffer: 101,120,105,116,32,13
2024-10-24 16:08:02.484 - [Debug] [LXC Streams] Removed Stream | Total streams: 0
2024-10-24 16:08:02.485 - [Debug] [SHELL] Honeypot ended shell
2024-10-24 16:08:02.506 - [Debug] [SHELL] Attacker ended the shell
2024-10-24 16:08:02.523 - [Debug] [Connection] Attacker closed connection
2024-10-24 16:08:02.594 - [Debug] [LXC] Container's OpenSSH server ended connection
2024-10-24 16:08:02.606 - [Debug] [LXC] Container's OpenSSH server closed connection
{"level":"error","message":"Forever detected script was killed by signal: SIGKILL"}
(node:113227) Warning: Accessing non-existent property 'padLevels' of module exports inside circular dependency
(Use `node --trace-warnings ...` to show where the warning was created)
Started with the following options:
{
  debug: true,
  mitmIp: '10.0.3.1',
  autoAccess: true,
  autoAccessCache: 5000,
  maxAttemptsPerConnection: 6,
  sshServerIdentifier: 'SSH-2.0-OpenSSH_6.6.1p1 Ubuntu-2ubuntu2',
  containerMountPathPrefix: '/var/lib/lxc',
  containerMountPathSuffix: 'rootfs/',
  loggingAttackerStreams: '/home/student/MITM/logs/session_streams',
  loggingAuthenticationAttempts: '/home/student/MITM/logs/authentication_attempts',
  loggingLogins: '/home/student/MITM/logs/logins',
  loggingLogouts: '/home/student/MITM/logs/logouts',
  loggingKeystrokes: '/home/student/MITM/logs/keystrokes',
  containerName: 'container2',
  containerIp: '10.0.3.222',
  mitmPort: 53779,
  autoAccessFixed: 1
}
2024-10-24 17:21:43.269 - [Info] MITM Version: 2
2024-10-24 17:21:43.271 - [Info] Auto Access Enabled: true
2024-10-24 17:21:43.273 - [Debug] [Init] Auto Access Theshold Achieved: false
2024-10-24 17:21:43.282 - [Info] SSH man-in-the-middle server for 10.0.3.222 listening on 10.0.3.1:53779
2024-10-24 17:21:53.901 - [Debug] [Connection] Attacker connected: 10.175.73.149 | Client Identification: SSH-2.0-OpenSSH_for_Windows_9.5
2024-10-24 17:21:55.139 - [Debug] [Auth] Attacker 10.175.73.149 trying to authenticate with 'none'
2024-10-24 17:21:55.140 - [Debug] [Auth] Attacker authentication error: No authentication method provided
2024-10-24 17:21:56.411 - [Debug] [Auth] Attacker 10.175.73.149 trying to authenticate with 'password'
2024-10-24 17:21:56.412 - [Debug] [Auto Access] Attacker: 10.175.73.149, Threshold: 1, Attempts: 1
2024-10-24 17:21:56.412 - [Debug] [Auto Access] Compromising the honeypot
2024-10-24 17:21:56.412 - [Debug] [Auto Access] Adding the following credentials: 'alexs:yes'
2024-10-24 17:21:56.661 - [Debug] [Auto Access] Auto-access is now disabled for the remainder of this MITM server instance
2024-10-24 17:21:56.663 - [Debug] [Auth] Valid credentials - Password Authentication
2024-10-24 17:21:56.664 - [Debug] [LXC] Attempting to connect to the honeypot: 10.0.3.222
2024-10-24 17:21:56.743 - [Debug] [LXC-Auth] Attacker authenticated and is inside container
2024-10-24 17:21:57.233 - [Debug] [SHELL] Opened shell for attacker
2024-10-24 17:21:57.243 - [Debug] [LXC Streams] New Stream | Total Streams: 1
2024-10-24 17:21:57.688 - [Debug] [SHELL] Attacker Keystroke: e
2024-10-24 17:21:57.724 - [Debug] [SHELL] Attacker Keystroke: c
2024-10-24 17:21:57.837 - [Debug] [SHELL] Attacker Keystroke: h
2024-10-24 17:21:57.925 - [Debug] [SHELL] Attacker Keystroke: o
2024-10-24 17:21:57.967 - [Debug] [SHELL] Attacker Keystroke: [Space]
2024-10-24 17:21:58.203 - [Debug] [SHELL] Attacker Keystroke: L
2024-10-24 17:21:58.344 - [Debug] [SHELL] Attacker Keystroke: E
2024-10-24 17:21:58.372 - [Debug] [SHELL] Attacker Keystroke: T
2024-10-24 17:21:58.528 - [Debug] [SHELL] Attacker Keystroke: S
2024-10-24 17:21:58.622 - [Debug] [SHELL] Attacker Keystroke: [Space]
2024-10-24 17:21:58.713 - [Debug] [SHELL] Attacker Keystroke: G
2024-10-24 17:21:58.806 - [Debug] [SHELL] Attacker Keystroke: O
2024-10-24 17:21:58.943 - [Debug] [SHELL] Attacker Keystroke: O
2024-10-24 17:21:59.067 - [Debug] [SHELL] Attacker Keystroke: O
2024-10-24 17:21:59.158 - [Debug] [SHELL] Attacker Keystroke: O
2024-10-24 17:21:59.271 - [Debug] [SHELL] Attacker Keystroke: O
2024-10-24 17:21:59.414 - [Debug] [SHELL] Attacker Keystroke: [CR]
2024-10-24 17:21:59.416 - [Debug] [SHELL] line from reader: echo LETS GOOOOO
2024-10-24 17:21:59.416 - [Debug] [SHELL] Keystroke buffer: 101,99,104,111,32,76,69,84,83,32,71,79,79,79,79,79,13
2024-10-24 17:22:00.017 - [Debug] [SHELL] Attacker Keystroke: W
2024-10-24 17:22:00.066 - [Debug] [SHELL] Attacker Keystroke: E
2024-10-24 17:22:00.132 - [Debug] [SHELL] Attacker Keystroke: [Space]
2024-10-24 17:22:00.289 - [Debug] [SHELL] Attacker Keystroke: [DEL]
2024-10-24 17:22:00.421 - [Debug] [SHELL] Attacker Keystroke: [DEL]
2024-10-24 17:22:00.487 - [Debug] [SHELL] Attacker Keystroke: [DEL]
2024-10-24 17:22:00.637 - [Debug] [SHELL] Attacker Keystroke: E
2024-10-24 17:22:00.669 - [Debug] [SHELL] Attacker Keystroke: C
2024-10-24 17:22:00.791 - [Debug] [SHELL] Attacker Keystroke: H
2024-10-24 17:22:00.859 - [Debug] [SHELL] Attacker Keystroke: O
2024-10-24 17:22:00.986 - [Debug] [SHELL] Attacker Keystroke: [Space]
2024-10-24 17:22:01.271 - [Debug] [SHELL] Attacker Keystroke: W
2024-10-24 17:22:01.304 - [Debug] [SHELL] Attacker Keystroke: E
2024-10-24 17:22:01.797 - [Debug] [SHELL] Attacker Keystroke: [Space]
2024-10-24 17:22:02.033 - [Debug] [SHELL] Attacker Keystroke: D
2024-10-24 17:22:02.150 - [Debug] [SHELL] Attacker Keystroke: E
2024-10-24 17:22:02.199 - [Debug] [SHELL] Attacker Keystroke: P
2024-10-24 17:22:02.257 - [Debug] [SHELL] Attacker Keystroke: L
2024-10-24 17:22:02.415 - [Debug] [SHELL] Attacker Keystroke: O
2024-10-24 17:22:02.543 - [Debug] [SHELL] Attacker Keystroke: Y
2024-10-24 17:22:02.575 - [Debug] [SHELL] Attacker Keystroke: E
2024-10-24 17:22:02.732 - [Debug] [SHELL] Attacker Keystroke: D
2024-10-24 17:22:02.879 - [Debug] [SHELL] Attacker Keystroke: [CR]
2024-10-24 17:22:02.880 - [Debug] [SHELL] line from reader: ECHO WE DEPLOYED
2024-10-24 17:22:02.880 - [Debug] [SHELL] Keystroke buffer: 87,69,32,127,127,127,69,67,72,79,32,87,69,32,68,69,80,76,79,89,69,68,13
2024-10-24 17:22:04.177 - [Debug] [SHELL] Attacker Keystroke: e
2024-10-24 17:22:04.178 - [Debug] [SHELL] Attacker Keystroke: c
2024-10-24 17:22:04.257 - [Debug] [SHELL] Attacker Keystroke: h
2024-10-24 17:22:04.350 - [Debug] [SHELL] Attacker Keystroke: o
2024-10-24 17:22:04.455 - [Debug] [SHELL] Attacker Keystroke: [Space]
2024-10-24 17:22:04.632 - [Debug] [SHELL] Attacker Keystroke: w
2024-10-24 17:22:04.697 - [Debug] [SHELL] Attacker Keystroke: e
2024-10-24 17:22:04.773 - [Debug] [SHELL] Attacker Keystroke: [Space]
2024-10-24 17:22:05.775 - [Debug] [SHELL] Attacker Keystroke: D
2024-10-24 17:22:05.901 - [Debug] [SHELL] Attacker Keystroke: E
2024-10-24 17:22:05.983 - [Debug] [SHELL] Attacker Keystroke: L
2024-10-24 17:22:06.016 - [Debug] [SHELL] Attacker Keystroke: P
2024-10-24 17:22:06.205 - [Debug] [SHELL] Attacker Keystroke: O
2024-10-24 17:22:06.378 - [Debug] [SHELL] Attacker Keystroke: E
2024-10-24 17:22:06.461 - [Debug] [SHELL] Attacker Keystroke: D
2024-10-24 17:22:06.550 - [Debug] [SHELL] Attacker Keystroke: Y
2024-10-24 17:22:06.668 - [Debug] [SHELL] Attacker Keystroke: Y
2024-10-24 17:22:07.004 - [Debug] [SHELL] Attacker Keystroke: [CR]
2024-10-24 17:22:07.006 - [Debug] [SHELL] line from reader: echo we DELPOEDYY
2024-10-24 17:22:07.006 - [Debug] [SHELL] Keystroke buffer: 101,99,104,111,32,119,101,32,68,69,76,80,79,69,68,89,89,13
2024-10-24 17:22:07.307 - [Debug] [SHELL] Attacker Keystroke: Y
2024-10-24 17:22:07.336 - [Debug] [SHELL] Attacker Keystroke: E
2024-10-24 17:22:07.434 - [Debug] [SHELL] Attacker Keystroke: S
2024-10-24 17:22:07.641 - [Debug] [SHELL] Attacker Keystroke: S
2024-10-24 17:22:07.786 - [Debug] [SHELL] Attacker Keystroke: I
2024-10-24 17:22:08.152 - [Debug] [SHELL] Attacker Keystroke: [DEL]
2024-10-24 17:22:08.271 - [Debug] [SHELL] Attacker Keystroke: [DEL]
2024-10-24 17:22:08.392 - [Debug] [SHELL] Attacker Keystroke: [DEL]
2024-10-24 17:22:08.616 - [Debug] [SHELL] Attacker Keystroke: [DEL]
2024-10-24 17:22:08.730 - [Debug] [SHELL] Attacker Keystroke: [DEL]
2024-10-24 17:22:08.799 - [Debug] [SHELL] Attacker Keystroke: E
2024-10-24 17:22:08.852 - [Debug] [SHELL] Attacker Keystroke: C
2024-10-24 17:22:09.125 - [Debug] [SHELL] Attacker Keystroke: [DEL]
2024-10-24 17:22:09.324 - [Debug] [SHELL] Attacker Keystroke: [DEL]
2024-10-24 17:22:09.479 - [Debug] [SHELL] Attacker Keystroke: e
2024-10-24 17:22:09.541 - [Debug] [SHELL] Attacker Keystroke: c
2024-10-24 17:22:09.630 - [Debug] [SHELL] Attacker Keystroke: h
2024-10-24 17:22:09.682 - [Debug] [SHELL] Attacker Keystroke: o
2024-10-24 17:22:10.263 - [Debug] [SHELL] Attacker Keystroke: [Space]
2024-10-24 17:22:10.264 - [Debug] [SHELL] Attacker Keystroke: Y
2024-10-24 17:22:10.265 - [Debug] [SHELL] Attacker Keystroke: U
2024-10-24 17:22:10.283 - [Debug] [SHELL] Attacker Keystroke: E
2024-10-24 17:22:10.368 - [Debug] [SHELL] Attacker Keystroke: S
2024-10-24 17:22:10.544 - [Debug] [SHELL] Attacker Keystroke: S
2024-10-24 17:22:10.623 - [Debug] [SHELL] Attacker Keystroke: I
2024-10-24 17:22:10.702 - [Debug] [SHELL] Attacker Keystroke: R
2024-10-24 17:22:10.796 - [Debug] [SHELL] Attacker Keystroke: [CR]
2024-10-24 17:22:10.797 - [Debug] [SHELL] line from reader: echo YUESSIR
2024-10-24 17:22:10.797 - [Debug] [SHELL] Keystroke buffer: 89,69,83,83,73,127,127,127,127,127,69,67,127,127,101,99,104,111,32,89,85,69,83,83,73,82,13
2024-10-24 17:23:20.092 - [Debug] [SHELL] Attacker Keystroke: e
2024-10-24 17:23:20.247 - [Debug] [SHELL] Attacker Keystroke: x
2024-10-24 17:23:20.898 - [Debug] [SHELL] Attacker Keystroke: i
2024-10-24 17:23:20.991 - [Debug] [SHELL] Attacker Keystroke: t
2024-10-24 17:23:21.118 - [Debug] [SHELL] Attacker Keystroke: [CR]
2024-10-24 17:23:21.119 - [Debug] [SHELL] line from reader: exit
2024-10-24 17:23:21.119 - [Debug] [SHELL] Keystroke buffer: 101,120,105,116,13
2024-10-24 17:23:21.125 - [Debug] [LXC Streams] Removed Stream | Total streams: 0
2024-10-24 17:23:21.125 - [Debug] [SHELL] Honeypot ended shell
2024-10-24 17:23:21.194 - [Debug] [SHELL] Attacker ended the shell
2024-10-24 17:23:21.199 - [Debug] [Connection] Attacker closed connection
2024-10-24 17:23:21.211 - [Debug] [LXC] Container's OpenSSH server ended connection
2024-10-24 17:23:21.212 - [Debug] [LXC] Container's OpenSSH server closed connection
{"level":"error","message":"Forever detected script was killed by signal: SIGKILL"}
(node:165022) Warning: Accessing non-existent property 'padLevels' of module exports inside circular dependency
(Use `node --trace-warnings ...` to show where the warning was created)
Started with the following options:
{
  debug: true,
  mitmIp: '10.0.3.1',
  autoAccess: true,
  autoAccessCache: 5000,
  maxAttemptsPerConnection: 6,
  sshServerIdentifier: 'SSH-2.0-OpenSSH_6.6.1p1 Ubuntu-2ubuntu2',
  containerMountPathPrefix: '/var/lib/lxc',
  containerMountPathSuffix: 'rootfs/',
  loggingAttackerStreams: '/home/student/MITM/logs/session_streams',
  loggingAuthenticationAttempts: '/home/student/MITM/logs/authentication_attempts',
  loggingLogins: '/home/student/MITM/logs/logins',
  loggingLogouts: '/home/student/MITM/logs/logouts',
  loggingKeystrokes: '/home/student/MITM/logs/keystrokes',
  containerName: 'container2',
  containerIp: '10.0.3.196',
  mitmPort: 54150,
  autoAccessFixed: 1
}
2024-10-24 17:24:35.242 - [Info] MITM Version: 2
2024-10-24 17:24:35.244 - [Info] Auto Access Enabled: true
2024-10-24 17:24:35.246 - [Debug] [Init] Auto Access Theshold Achieved: false
2024-10-24 17:24:35.254 - [Info] SSH man-in-the-middle server for 10.0.3.196 listening on 10.0.3.1:54150
{"level":"error","message":"Forever detected script was killed by signal: SIGKILL"}
