(node:21763) Warning: Accessing non-existent property 'padLevels' of module exports inside circular dependency
(Use `node --trace-warnings ...` to show where the warning was created)
Started with the following options:
{
  debug: true,
  mitmIp: '10.0.3.1',
  autoAccess: true,
  autoAccessCache: 5000,
  maxAttemptsPerConnection: 6,
  sshServerIdentifier: 'SSH-2.0-OpenSSH_6.6.1p1 Ubuntu-2ubuntu2',
  containerMountPathPrefix: '/var/lib/lxc',
  containerMountPathSuffix: 'rootfs/',
  loggingAttackerStreams: '/home/student/MITM/logs/session_streams',
  loggingAuthenticationAttempts: '/home/student/MITM/logs/authentication_attempts',
  loggingLogins: '/home/student/MITM/logs/logins',
  loggingLogouts: '/home/student/MITM/logs/logouts',
  loggingKeystrokes: '/home/student/MITM/logs/keystrokes',
  containerName: 'container3',
  containerIp: '10.0.3.66',
  mitmPort: 56297,
  autoAccessFixed: 1
}
2024-10-24 15:18:25.867 - [Info] MITM Version: 2
2024-10-24 15:18:25.869 - [Info] Auto Access Enabled: true
2024-10-24 15:18:25.870 - [Debug] [Init] Auto Access Theshold Achieved: false
2024-10-24 15:18:25.877 - [Info] SSH man-in-the-middle server for 10.0.3.66 listening on 10.0.3.1:56297
(node:22278) Warning: Accessing non-existent property 'padLevels' of module exports inside circular dependency
(Use `node --trace-warnings ...` to show where the warning was created)
Started with the following options:
{
  debug: true,
  mitmIp: '10.0.3.1',
  autoAccess: true,
  autoAccessCache: 5000,
  maxAttemptsPerConnection: 6,
  sshServerIdentifier: 'SSH-2.0-OpenSSH_6.6.1p1 Ubuntu-2ubuntu2',
  containerMountPathPrefix: '/var/lib/lxc',
  containerMountPathSuffix: 'rootfs/',
  loggingAttackerStreams: '/home/student/MITM/logs/session_streams',
  loggingAuthenticationAttempts: '/home/student/MITM/logs/authentication_attempts',
  loggingLogins: '/home/student/MITM/logs/logins',
  loggingLogouts: '/home/student/MITM/logs/logouts',
  loggingKeystrokes: '/home/student/MITM/logs/keystrokes',
  containerName: 'container3',
  containerIp: '10.0.3.211',
  mitmPort: 58107,
  autoAccessFixed: 1
}
2024-10-24 15:49:53.213 - [Info] MITM Version: 2
2024-10-24 15:49:53.218 - [Info] Auto Access Enabled: true
2024-10-24 15:49:53.219 - [Debug] [Init] Auto Access Theshold Achieved: false
2024-10-24 15:49:53.228 - [Info] SSH man-in-the-middle server for 10.0.3.211 listening on 10.0.3.1:58107
2024-10-24 15:54:12.758 - [Debug] [Connection] Attacker connected: 10.175.1.188 | Client Identification: SSH-2.0-OpenSSH_9.8
2024-10-24 15:54:14.136 - [Debug] [Auth] Attacker 10.175.1.188 trying to authenticate with 'none'
2024-10-24 15:54:14.140 - [Debug] [Auth] Attacker authentication error: No authentication method provided
2024-10-24 15:54:14.153 - [Debug] [Auth] Attacker 10.175.1.188 trying to authenticate with 'publickey'
2024-10-24 15:54:14.156 - [Debug] [Auth] Attacker authentication error: Publickey authentication failed
2024-10-24 15:54:14.157 - [Debug] [Auth] Attacker: 10.175.1.188 has so far made 1 attempts. Remaining: 5 attempts
2024-10-24 15:54:15.169 - [Debug] [Auth] Attacker 10.175.1.188 trying to authenticate with 'password'
2024-10-24 15:54:15.170 - [Debug] [Auto Access] Attacker: 10.175.1.188, Threshold: 1, Attempts: 1
2024-10-24 15:54:15.170 - [Debug] [Auto Access] Compromising the honeypot
2024-10-24 15:54:15.170 - [Debug] [Auto Access] Adding the following credentials: 'devpatel:hshs'
2024-10-24 15:54:15.527 - [Debug] [Auto Access] Auto-access is now disabled for the remainder of this MITM server instance
2024-10-24 15:54:15.529 - [Debug] [Auth] Valid credentials - Password Authentication
2024-10-24 15:54:15.530 - [Debug] [LXC] Attempting to connect to the honeypot: 10.0.3.211
2024-10-24 15:54:15.644 - [Debug] [LXC-Auth] Attacker authenticated and is inside container
2024-10-24 15:54:15.858 - [Debug] [SHELL] Opened shell for attacker
2024-10-24 15:54:15.866 - [Debug] [LXC Streams] New Stream | Total Streams: 1
2024-10-24 15:54:20.653 - [Debug] [SHELL] Attacker Keystroke: h
2024-10-24 15:54:20.839 - [Debug] [SHELL] Attacker Keystroke: i
2024-10-24 15:54:20.925 - [Debug] [SHELL] Attacker Keystroke: [Space]
2024-10-24 15:54:21.125 - [Debug] [SHELL] Attacker Keystroke: [CR]
2024-10-24 15:54:21.127 - [Debug] [SHELL] line from reader: hi 
2024-10-24 15:54:21.127 - [Debug] [SHELL] Keystroke buffer: 104,105,32,13
2024-10-24 15:54:21.575 - [Debug] [SHELL] Attacker Keystroke: e
2024-10-24 15:54:21.817 - [Debug] [SHELL] Attacker Keystroke: x
2024-10-24 15:54:21.877 - [Debug] [SHELL] Attacker Keystroke: i
2024-10-24 15:54:22.054 - [Debug] [SHELL] Attacker Keystroke: t
2024-10-24 15:54:22.119 - [Debug] [SHELL] Attacker Keystroke: [Space]
2024-10-24 15:54:22.442 - [Debug] [SHELL] Attacker Keystroke: [CR]
2024-10-24 15:54:22.443 - [Debug] [SHELL] line from reader: exit 
2024-10-24 15:54:22.443 - [Debug] [SHELL] Keystroke buffer: 101,120,105,116,32,13
2024-10-24 15:54:22.448 - [Debug] [LXC Streams] Removed Stream | Total streams: 0
2024-10-24 15:54:22.448 - [Debug] [SHELL] Honeypot ended shell
2024-10-24 15:54:22.458 - [Debug] [SHELL] Attacker ended the shell
2024-10-24 15:54:22.460 - [Debug] [Connection] Attacker closed connection
2024-10-24 15:54:22.469 - [Debug] [LXC] Container's OpenSSH server ended connection
2024-10-24 15:54:22.469 - [Debug] [LXC] Container's OpenSSH server closed connection
{"level":"error","message":"Forever detected script was killed by signal: SIGKILL"}
(node:149886) Warning: Accessing non-existent property 'padLevels' of module exports inside circular dependency
(Use `node --trace-warnings ...` to show where the warning was created)
Started with the following options:
{
  debug: true,
  mitmIp: '10.0.3.1',
  autoAccess: true,
  autoAccessCache: 5000,
  maxAttemptsPerConnection: 6,
  sshServerIdentifier: 'SSH-2.0-OpenSSH_6.6.1p1 Ubuntu-2ubuntu2',
  containerMountPathPrefix: '/var/lib/lxc',
  containerMountPathSuffix: 'rootfs/',
  loggingAttackerStreams: '/home/student/MITM/logs/session_streams',
  loggingAuthenticationAttempts: '/home/student/MITM/logs/authentication_attempts',
  loggingLogins: '/home/student/MITM/logs/logins',
  loggingLogouts: '/home/student/MITM/logs/logouts',
  loggingKeystrokes: '/home/student/MITM/logs/keystrokes',
  containerName: 'container3',
  containerIp: '10.0.3.61',
  mitmPort: 57872,
  autoAccessFixed: 1
}
2024-10-24 15:56:31.477 - [Info] MITM Version: 2
2024-10-24 15:56:31.480 - [Info] Auto Access Enabled: true
2024-10-24 15:56:31.480 - [Debug] [Init] Auto Access Theshold Achieved: false
2024-10-24 15:56:31.495 - [Info] SSH man-in-the-middle server for 10.0.3.61 listening on 10.0.3.1:57872
2024-10-24 16:00:43.389 - [Debug] [Connection] Attacker connected: 206.189.129.117 | Client Identification: SSH-2.0-Go
2024-10-24 16:00:44.936 - [Debug] [Auth] Attacker 206.189.129.117 trying to authenticate with 'none'
2024-10-24 16:00:44.937 - [Debug] [Auth] Attacker authentication error: No authentication method provided
2024-10-24 16:00:45.436 - [Debug] [Auth] Attacker 206.189.129.117 trying to authenticate with 'password'
2024-10-24 16:00:45.439 - [Debug] [Auto Access] Attacker: 206.189.129.117, Threshold: 1, Attempts: 1
2024-10-24 16:00:45.439 - [Debug] [Auto Access] Compromising the honeypot
2024-10-24 16:00:45.439 - [Debug] [Auto Access] Adding the following credentials: 'root:11111'
2024-10-24 16:00:45.581 - [Debug] [Auto Access] Auto-access is now disabled for the remainder of this MITM server instance
2024-10-24 16:00:45.583 - [Debug] [Auth] Valid credentials - Password Authentication
2024-10-24 16:00:45.584 - [Debug] [LXC] Attempting to connect to the honeypot: 10.0.3.61
2024-10-24 16:00:48.831 - [Debug] [LXC] Authentication Failed
2024-10-24 16:00:48.831 - [Debug] [Auth] Attacker authentication error: Error: All configured authentication methods failed
2024-10-24 16:00:48.832 - [Debug] [Auth] Attacker: 206.189.129.117 has so far made 1 attempts. Remaining: 5 attempts
2024-10-24 16:00:48.832 - [Debug] [Auth] Attacker authentication error: Error: All configured authentication methods failed
2024-10-24 16:00:48.832 - [Debug] [Auth] Attacker: 206.189.129.117 has so far made 2 attempts. Remaining: 4 attempts
2024-10-24 16:00:48.836 - [Debug] [LXC] Container's OpenSSH server ended connection
2024-10-24 16:00:48.837 - [Debug] [LXC] Container's OpenSSH server closed connection
2024-10-24 16:00:49.331 - [Debug] [Connection] Attacker closed the connection
{"level":"error","message":"Forever detected script was killed by signal: SIGKILL"}
(node:1422066) Warning: Accessing non-existent property 'padLevels' of module exports inside circular dependency
(Use `node --trace-warnings ...` to show where the warning was created)
Started with the following options:
{
  debug: true,
  mitmIp: '10.0.3.1',
  autoAccess: true,
  autoAccessCache: 5000,
  maxAttemptsPerConnection: 6,
  sshServerIdentifier: 'SSH-2.0-OpenSSH_6.6.1p1 Ubuntu-2ubuntu2',
  containerMountPathPrefix: '/var/lib/lxc',
  containerMountPathSuffix: 'rootfs/',
  loggingAttackerStreams: '/home/student/MITM/logs/session_streams',
  loggingAuthenticationAttempts: '/home/student/MITM/logs/authentication_attempts',
  loggingLogins: '/home/student/MITM/logs/logins',
  loggingLogouts: '/home/student/MITM/logs/logouts',
  loggingKeystrokes: '/home/student/MITM/logs/keystrokes',
  containerName: 'container3',
  containerIp: '10.0.3.210',
  mitmPort: 57555,
  autoAccessFixed: 1
}
2024-10-24 17:07:37.544 - [Info] MITM Version: 2
2024-10-24 17:07:37.545 - [Info] Auto Access Enabled: true
2024-10-24 17:07:37.547 - [Debug] [Init] Auto Access Theshold Achieved: false
2024-10-24 17:07:37.568 - [Info] SSH man-in-the-middle server for 10.0.3.210 listening on 10.0.3.1:57555
2024-10-24 17:07:50.373 - [Debug] [Connection] Attacker connected: 10.175.73.149 | Client Identification: SSH-2.0-OpenSSH_for_Windows_9.5
2024-10-24 17:07:51.682 - [Debug] [Auth] Attacker 10.175.73.149 trying to authenticate with 'none'
2024-10-24 17:07:51.683 - [Debug] [Auth] Attacker authentication error: No authentication method provided
2024-10-24 17:07:53.099 - [Debug] [Auth] Attacker 10.175.73.149 trying to authenticate with 'password'
2024-10-24 17:07:53.100 - [Debug] [Auto Access] Attacker: 10.175.73.149, Threshold: 1, Attempts: 1
2024-10-24 17:07:53.100 - [Debug] [Auto Access] Compromising the honeypot
2024-10-24 17:07:53.100 - [Debug] [Auto Access] Adding the following credentials: 'alexs:qwer'
2024-10-24 17:07:53.316 - [Debug] [Auto Access] Auto-access is now disabled for the remainder of this MITM server instance
2024-10-24 17:07:53.319 - [Debug] [Auth] Valid credentials - Password Authentication
2024-10-24 17:07:53.319 - [Debug] [LXC] Attempting to connect to the honeypot: 10.0.3.210
2024-10-24 17:07:53.408 - [Debug] [LXC-Auth] Attacker authenticated and is inside container
2024-10-24 17:07:53.611 - [Debug] [SHELL] Opened shell for attacker
2024-10-24 17:07:53.613 - [Debug] [LXC Streams] New Stream | Total Streams: 1
2024-10-24 17:07:54.426 - [Debug] [SHELL] Attacker Keystroke: e
2024-10-24 17:07:54.619 - [Debug] [SHELL] Attacker Keystroke: x
2024-10-24 17:07:54.717 - [Debug] [SHELL] Attacker Keystroke: i
2024-10-24 17:07:54.800 - [Debug] [SHELL] Attacker Keystroke: t
2024-10-24 17:07:54.899 - [Debug] [SHELL] Attacker Keystroke: [CR]
2024-10-24 17:07:54.901 - [Debug] [SHELL] line from reader: exit
2024-10-24 17:07:54.901 - [Debug] [SHELL] Keystroke buffer: 101,120,105,116,13
2024-10-24 17:07:54.911 - [Debug] [LXC Streams] Removed Stream | Total streams: 0
2024-10-24 17:07:54.912 - [Debug] [SHELL] Honeypot ended shell
2024-10-24 17:07:54.972 - [Debug] [SHELL] Attacker ended the shell
2024-10-24 17:07:54.982 - [Debug] [Connection] Attacker closed connection
2024-10-24 17:07:54.994 - [Debug] [LXC] Container's OpenSSH server ended connection
2024-10-24 17:07:54.996 - [Debug] [LXC] Container's OpenSSH server closed connection
{"level":"error","message":"Forever detected script was killed by signal: SIGKILL"}
(node:137152) Warning: Accessing non-existent property 'padLevels' of module exports inside circular dependency
(Use `node --trace-warnings ...` to show where the warning was created)
Started with the following options:
{
  debug: true,
  mitmIp: '10.0.3.1',
  autoAccess: true,
  autoAccessCache: 5000,
  maxAttemptsPerConnection: 6,
  sshServerIdentifier: 'SSH-2.0-OpenSSH_6.6.1p1 Ubuntu-2ubuntu2',
  containerMountPathPrefix: '/var/lib/lxc',
  containerMountPathSuffix: 'rootfs/',
  loggingAttackerStreams: '/home/student/MITM/logs/session_streams',
  loggingAuthenticationAttempts: '/home/student/MITM/logs/authentication_attempts',
  loggingLogins: '/home/student/MITM/logs/logins',
  loggingLogouts: '/home/student/MITM/logs/logouts',
  loggingKeystrokes: '/home/student/MITM/logs/keystrokes',
  containerName: 'container3',
  containerIp: '10.0.3.112',
  mitmPort: 56192,
  autoAccessFixed: 1
}
2024-10-24 17:23:01.055 - [Info] MITM Version: 2
2024-10-24 17:23:01.057 - [Info] Auto Access Enabled: true
2024-10-24 17:23:01.060 - [Debug] [Init] Auto Access Theshold Achieved: false
2024-10-24 17:23:01.075 - [Info] SSH man-in-the-middle server for 10.0.3.112 listening on 10.0.3.1:56192
2024-10-24 17:23:14.634 - [Debug] [Connection] Attacker connected: 10.175.73.149 | Client Identification: SSH-2.0-OpenSSH_for_Windows_9.5
2024-10-24 17:23:15.906 - [Debug] [Auth] Attacker 10.175.73.149 trying to authenticate with 'none'
2024-10-24 17:23:15.906 - [Debug] [Auth] Attacker authentication error: No authentication method provided
2024-10-24 17:23:16.724 - [Debug] [Auth] Attacker 10.175.73.149 trying to authenticate with 'password'
2024-10-24 17:23:16.725 - [Debug] [Auto Access] Attacker: 10.175.73.149, Threshold: 1, Attempts: 1
2024-10-24 17:23:16.725 - [Debug] [Auto Access] Compromising the honeypot
2024-10-24 17:23:16.725 - [Debug] [Auto Access] Adding the following credentials: 'alexs:ctrfgvybhjun'
2024-10-24 17:23:16.887 - [Debug] [Auto Access] Auto-access is now disabled for the remainder of this MITM server instance
2024-10-24 17:23:16.889 - [Debug] [Auth] Valid credentials - Password Authentication
2024-10-24 17:23:16.889 - [Debug] [LXC] Attempting to connect to the honeypot: 10.0.3.112
2024-10-24 17:23:17.004 - [Debug] [LXC-Auth] Attacker authenticated and is inside container
2024-10-24 17:23:17.648 - [Debug] [SHELL] Opened shell for attacker
2024-10-24 17:23:17.653 - [Debug] [LXC Streams] New Stream | Total Streams: 1
2024-10-24 17:23:38.137 - [Debug] [SHELL] Attacker Keystroke: e
2024-10-24 17:23:38.286 - [Debug] [SHELL] Attacker Keystroke: x
2024-10-24 17:23:38.383 - [Debug] [SHELL] Attacker Keystroke: i
2024-10-24 17:23:38.444 - [Debug] [SHELL] Attacker Keystroke: t
2024-10-24 17:23:38.539 - [Debug] [SHELL] Attacker Keystroke: [CR]
2024-10-24 17:23:38.542 - [Debug] [SHELL] line from reader: exit
2024-10-24 17:23:38.542 - [Debug] [SHELL] Keystroke buffer: 101,120,105,116,13
2024-10-24 17:23:38.545 - [Debug] [LXC Streams] Removed Stream | Total streams: 0
2024-10-24 17:23:38.545 - [Debug] [SHELL] Honeypot ended shell
2024-10-24 17:23:38.617 - [Debug] [SHELL] Attacker ended the shell
2024-10-24 17:23:38.619 - [Debug] [Connection] Attacker closed connection
2024-10-24 17:23:38.626 - [Debug] [LXC] Container's OpenSSH server ended connection
2024-10-24 17:23:38.627 - [Debug] [LXC] Container's OpenSSH server closed connection
{"level":"error","message":"Forever detected script was killed by signal: SIGKILL"}
(node:27729) Warning: Accessing non-existent property 'padLevels' of module exports inside circular dependency
(Use `node --trace-warnings ...` to show where the warning was created)
Started with the following options:
{
  debug: true,
  mitmIp: '10.0.3.1',
  autoAccess: true,
  autoAccessCache: 5000,
  maxAttemptsPerConnection: 6,
  sshServerIdentifier: 'SSH-2.0-OpenSSH_6.6.1p1 Ubuntu-2ubuntu2',
  containerMountPathPrefix: '/var/lib/lxc',
  containerMountPathSuffix: 'rootfs/',
  loggingAttackerStreams: '/home/student/MITM/logs/session_streams',
  loggingAuthenticationAttempts: '/home/student/MITM/logs/authentication_attempts',
  loggingLogins: '/home/student/MITM/logs/logins',
  loggingLogouts: '/home/student/MITM/logs/logouts',
  loggingKeystrokes: '/home/student/MITM/logs/keystrokes',
  containerName: 'container3',
  containerIp: '10.0.3.77',
  mitmPort: 58720,
  autoAccessFixed: 1
}
2024-10-24 17:31:32.697 - [Info] MITM Version: 2
2024-10-24 17:31:32.698 - [Info] Auto Access Enabled: true
2024-10-24 17:31:32.699 - [Debug] [Init] Auto Access Theshold Achieved: false
2024-10-24 17:31:32.706 - [Info] SSH man-in-the-middle server for 10.0.3.77 listening on 10.0.3.1:58720
2024-10-24 22:14:52.205 - [Debug] [Connection] Attacker connected: 10.172.114.249 | Client Identification: SSH-2.0-OpenSSH_for_Windows_9.5
2024-10-24 22:14:52.399 - [Debug] [Connection] Attacker closed the connection
{"level":"error","message":"Forever detected script was killed by signal: SIGKILL"}
