(node:1073451) Warning: Accessing non-existent property 'padLevels' of module exports inside circular dependency
(Use `node --trace-warnings ...` to show where the warning was created)
Started with the following options:
{
  debug: true,
  mitmIp: '10.0.3.1',
  autoAccess: true,
  autoAccessCache: 5000,
  maxAttemptsPerConnection: 6,
  sshServerIdentifier: 'SSH-2.0-OpenSSH_6.6.1p1 Ubuntu-2ubuntu2',
  containerMountPathPrefix: '/var/lib/lxc',
  containerMountPathSuffix: 'rootfs/',
  loggingAttackerStreams: '/home/student/MITM/logs/session_streams',
  loggingAuthenticationAttempts: '/home/student/MITM/logs/authentication_attempts',
  loggingLogins: '/home/student/MITM/logs/logins',
  loggingLogouts: '/home/student/MITM/logs/logouts',
  loggingKeystrokes: '/home/student/MITM/logs/keystrokes',
  containerName: 'container1',
  containerIp: '10.0.3.24',
  mitmPort: 50725,
  autoAccessFixed: 1
}
2024-10-24 16:55:49.386 - [Info] MITM Version: 2
2024-10-24 16:55:49.388 - [Info] Auto Access Enabled: true
2024-10-24 16:55:49.392 - [Debug] [Init] Auto Access Theshold Achieved: false
2024-10-24 16:55:49.423 - [Info] SSH man-in-the-middle server for 10.0.3.24 listening on 10.0.3.1:50725
2024-10-24 16:56:05.837 - [Debug] [Connection] Attacker connected: 10.175.1.188 | Client Identification: SSH-2.0-OpenSSH_9.8
2024-10-24 16:56:07.358 - [Debug] [Auth] Attacker 10.175.1.188 trying to authenticate with 'none'
2024-10-24 16:56:07.358 - [Debug] [Auth] Attacker authentication error: No authentication method provided
2024-10-24 16:56:07.376 - [Debug] [Auth] Attacker 10.175.1.188 trying to authenticate with 'publickey'
2024-10-24 16:56:07.378 - [Debug] [Auth] Attacker authentication error: Publickey authentication failed
2024-10-24 16:56:07.379 - [Debug] [Auth] Attacker: 10.175.1.188 has so far made 1 attempts. Remaining: 5 attempts
2024-10-24 16:56:08.484 - [Debug] [Auth] Attacker 10.175.1.188 trying to authenticate with 'password'
2024-10-24 16:56:08.485 - [Debug] [Auto Access] Attacker: 10.175.1.188, Threshold: 1, Attempts: 1
2024-10-24 16:56:08.485 - [Debug] [Auto Access] Compromising the honeypot
2024-10-24 16:56:08.485 - [Debug] [Auto Access] Adding the following credentials: 'devpatel:hsh'
2024-10-24 16:56:08.672 - [Debug] [Auto Access] Auto-access is now disabled for the remainder of this MITM server instance
2024-10-24 16:56:08.674 - [Debug] [Auth] Valid credentials - Password Authentication
2024-10-24 16:56:08.675 - [Debug] [LXC] Attempting to connect to the honeypot: 10.0.3.24
2024-10-24 16:56:08.737 - [Debug] [LXC-Auth] Attacker authenticated and is inside container
2024-10-24 16:56:08.910 - [Debug] [SHELL] Opened shell for attacker
2024-10-24 16:56:08.912 - [Debug] [LXC Streams] New Stream | Total Streams: 1
2024-10-24 16:56:19.716 - [Debug] [SHELL] Attacker Keystroke: [ESC]
2024-10-24 16:56:20.066 - [Debug] [SHELL] Attacker Keystroke: :
2024-10-24 16:56:20.252 - [Debug] [SHELL] Attacker Keystroke: w
2024-10-24 16:56:20.735 - [Debug] [SHELL] Attacker Keystroke: [DEL]
2024-10-24 16:56:20.896 - [Debug] [SHELL] Attacker Keystroke: [DEL]
2024-10-24 16:56:21.820 - [Debug] [SHELL] Attacker Keystroke: e
2024-10-24 16:56:22.135 - [Debug] [SHELL] Attacker Keystroke: c
2024-10-24 16:56:22.201 - [Debug] [SHELL] Attacker Keystroke: i
2024-10-24 16:56:22.392 - [Debug] [SHELL] Attacker Keystroke: t
2024-10-24 16:56:22.478 - [Debug] [SHELL] Attacker Keystroke: [Space]
2024-10-24 16:56:22.971 - [Debug] [SHELL] Attacker Keystroke: [DEL]
2024-10-24 16:56:23.106 - [Debug] [SHELL] Attacker Keystroke: [DEL]
2024-10-24 16:56:23.242 - [Debug] [SHELL] Attacker Keystroke: [DEL]
2024-10-24 16:56:23.333 - [Debug] [SHELL] Attacker Keystroke: [DEL]
2024-10-24 16:56:23.958 - [Debug] [SHELL] Attacker Keystroke: x
2024-10-24 16:56:24.020 - [Debug] [SHELL] Attacker Keystroke: i
2024-10-24 16:56:24.201 - [Debug] [SHELL] Attacker Keystroke: t
2024-10-24 16:56:24.248 - [Debug] [SHELL] Attacker Keystroke: [Space]
2024-10-24 16:56:24.526 - [Debug] [SHELL] Attacker Keystroke: [CR]
2024-10-24 16:56:24.528 - [Debug] [SHELL] line from reader: exit 
2024-10-24 16:56:24.529 - [Debug] [SHELL] Keystroke buffer: 27,58,119,127,127,101,99,105,116,32,127,127,127,127,120,105,116,32,13
2024-10-24 16:56:24.534 - [Debug] [LXC Streams] Removed Stream | Total streams: 0
2024-10-24 16:56:24.534 - [Debug] [SHELL] Honeypot ended shell
2024-10-24 16:56:24.547 - [Debug] [SHELL] Attacker ended the shell
2024-10-24 16:56:24.548 - [Debug] [Connection] Attacker closed connection
2024-10-24 16:56:24.555 - [Debug] [LXC] Container's OpenSSH server ended connection
2024-10-24 16:56:24.558 - [Debug] [LXC] Container's OpenSSH server closed connection
{"level":"error","message":"Forever detected script was killed by signal: SIGKILL"}
(node:76598) Warning: Accessing non-existent property 'padLevels' of module exports inside circular dependency
(Use `node --trace-warnings ...` to show where the warning was created)
Started with the following options:
{
  debug: true,
  mitmIp: '10.0.3.1',
  autoAccess: true,
  autoAccessCache: 5000,
  maxAttemptsPerConnection: 6,
  sshServerIdentifier: 'SSH-2.0-OpenSSH_6.6.1p1 Ubuntu-2ubuntu2',
  containerMountPathPrefix: '/var/lib/lxc',
  containerMountPathSuffix: 'rootfs/',
  loggingAttackerStreams: '/home/student/MITM/logs/session_streams',
  loggingAuthenticationAttempts: '/home/student/MITM/logs/authentication_attempts',
  loggingLogins: '/home/student/MITM/logs/logins',
  loggingLogouts: '/home/student/MITM/logs/logouts',
  loggingKeystrokes: '/home/student/MITM/logs/keystrokes',
  containerName: 'container1',
  containerIp: '10.0.3.14',
  mitmPort: 50096,
  autoAccessFixed: 1
}
2024-10-24 17:19:14.193 - [Info] MITM Version: 2
2024-10-24 17:19:14.196 - [Info] Auto Access Enabled: true
2024-10-24 17:19:14.197 - [Debug] [Init] Auto Access Theshold Achieved: false
2024-10-24 17:19:14.204 - [Info] SSH man-in-the-middle server for 10.0.3.14 listening on 10.0.3.1:50096
2024-10-24 17:20:50.897 - [Debug] [Connection] Attacker connected: 10.175.73.149 | Client Identification: SSH-2.0-OpenSSH_for_Windows_9.5
2024-10-24 17:20:52.381 - [Debug] [Auth] Attacker 10.175.73.149 trying to authenticate with 'none'
2024-10-24 17:20:52.381 - [Debug] [Auth] Attacker authentication error: No authentication method provided
2024-10-24 17:20:53.817 - [Debug] [Auth] Attacker 10.175.73.149 trying to authenticate with 'password'
2024-10-24 17:20:53.818 - [Debug] [Auto Access] Attacker: 10.175.73.149, Threshold: 1, Attempts: 1
2024-10-24 17:20:53.818 - [Debug] [Auto Access] Compromising the honeypot
2024-10-24 17:20:53.818 - [Debug] [Auto Access] Adding the following credentials: 'alexs:vybuhyinj'
2024-10-24 17:20:54.181 - [Debug] [Auto Access] Auto-access is now disabled for the remainder of this MITM server instance
2024-10-24 17:20:54.183 - [Debug] [Auth] Valid credentials - Password Authentication
2024-10-24 17:20:54.183 - [Debug] [LXC] Attempting to connect to the honeypot: 10.0.3.14
2024-10-24 17:20:54.259 - [Debug] [LXC-Auth] Attacker authenticated and is inside container
2024-10-24 17:20:54.523 - [Debug] [SHELL] Opened shell for attacker
2024-10-24 17:20:54.538 - [Debug] [LXC Streams] New Stream | Total Streams: 1
2024-10-24 17:21:22.511 - [Debug] [SHELL] Attacker Keystroke: e
2024-10-24 17:21:22.539 - [Debug] [SHELL] Attacker Keystroke: c
2024-10-24 17:21:22.606 - [Debug] [SHELL] Attacker Keystroke: h
2024-10-24 17:21:22.637 - [Debug] [SHELL] Attacker Keystroke: o
2024-10-24 17:21:22.700 - [Debug] [SHELL] Attacker Keystroke: [Space]
2024-10-24 17:21:23.252 - [Debug] [SHELL] Attacker Keystroke: l
2024-10-24 17:21:23.314 - [Debug] [SHELL] Attacker Keystroke: s
2024-10-24 17:21:23.360 - [Debug] [SHELL] Attacker Keystroke: [CR]
2024-10-24 17:21:23.363 - [Debug] [SHELL] line from reader: echo ls
2024-10-24 17:21:23.363 - [Debug] [SHELL] Keystroke buffer: 101,99,104,111,32,108,115,13
2024-10-24 17:22:12.265 - [Debug] [SHELL] Attacker Keystroke: e
2024-10-24 17:22:12.281 - [Debug] [SHELL] Attacker Keystroke: c
2024-10-24 17:22:12.389 - [Debug] [SHELL] Attacker Keystroke: h
2024-10-24 17:22:12.439 - [Debug] [SHELL] Attacker Keystroke: o
2024-10-24 17:22:12.511 - [Debug] [SHELL] Attacker Keystroke: [Space]
2024-10-24 17:22:12.941 - [Debug] [SHELL] Attacker Keystroke: A
2024-10-24 17:22:12.955 - [Debug] [SHELL] Attacker Keystroke: S
2024-10-24 17:22:13.024 - [Debug] [SHELL] Attacker Keystroke: D
2024-10-24 17:22:13.051 - [Debug] [SHELL] Attacker Keystroke: F
2024-10-24 17:22:13.205 - [Debug] [SHELL] Attacker Keystroke: A
2024-10-24 17:22:13.236 - [Debug] [SHELL] Attacker Keystroke: S
2024-10-24 17:22:13.268 - [Debug] [SHELL] Attacker Keystroke: D
2024-10-24 17:22:13.331 - [Debug] [SHELL] Attacker Keystroke: F
2024-10-24 17:22:13.425 - [Debug] [SHELL] Attacker Keystroke: [CR]
2024-10-24 17:22:13.426 - [Debug] [SHELL] line from reader: echo ASDFASDF
2024-10-24 17:22:13.426 - [Debug] [SHELL] Keystroke buffer: 101,99,104,111,32,65,83,68,70,65,83,68,70,13
2024-10-24 17:23:39.969 - [Debug] [SHELL] Attacker Keystroke: e
2024-10-24 17:23:40.300 - [Debug] [SHELL] Attacker Keystroke: x
2024-10-24 17:23:40.301 - [Debug] [SHELL] Attacker Keystroke: i
2024-10-24 17:23:40.302 - [Debug] [SHELL] Attacker Keystroke: t
2024-10-24 17:23:40.395 - [Debug] [SHELL] Attacker Keystroke: [CR]
2024-10-24 17:23:40.398 - [Debug] [SHELL] line from reader: exit
2024-10-24 17:23:40.399 - [Debug] [SHELL] Keystroke buffer: 101,120,105,116,13
2024-10-24 17:23:40.402 - [Debug] [LXC Streams] Removed Stream | Total streams: 0
2024-10-24 17:23:40.402 - [Debug] [SHELL] Honeypot ended shell
2024-10-24 17:23:40.475 - [Debug] [SHELL] Attacker ended the shell
2024-10-24 17:23:40.482 - [Debug] [Connection] Attacker closed connection
2024-10-24 17:23:40.497 - [Debug] [LXC] Container's OpenSSH server ended connection
2024-10-24 17:23:40.498 - [Debug] [LXC] Container's OpenSSH server closed connection
{"level":"error","message":"Forever detected script was killed by signal: SIGKILL"}
(node:3696) Warning: Accessing non-existent property 'padLevels' of module exports inside circular dependency
(Use `node --trace-warnings ...` to show where the warning was created)
Started with the following options:
{
  debug: true,
  mitmIp: '10.0.3.1',
  autoAccess: true,
  autoAccessCache: 5000,
  maxAttemptsPerConnection: 6,
  sshServerIdentifier: 'SSH-2.0-OpenSSH_6.6.1p1 Ubuntu-2ubuntu2',
  containerMountPathPrefix: '/var/lib/lxc',
  containerMountPathSuffix: 'rootfs/',
  loggingAttackerStreams: '/home/student/MITM/logs/session_streams',
  loggingAuthenticationAttempts: '/home/student/MITM/logs/authentication_attempts',
  loggingLogins: '/home/student/MITM/logs/logins',
  loggingLogouts: '/home/student/MITM/logs/logouts',
  loggingKeystrokes: '/home/student/MITM/logs/keystrokes',
  containerName: 'container1',
  containerIp: '10.0.3.210',
  mitmPort: 50861,
  autoAccessFixed: 1
}
2024-10-28 15:46:24.896 - [Info] MITM Version: 2
2024-10-28 15:46:24.905 - [Info] Auto Access Enabled: true
2024-10-28 15:46:24.905 - [Debug] [Init] Auto Access Theshold Achieved: false
2024-10-28 15:46:24.919 - [Info] SSH man-in-the-middle server for 10.0.3.210 listening on 10.0.3.1:50861
(node:2676) Warning: Accessing non-existent property 'padLevels' of module exports inside circular dependency
(Use `node --trace-warnings ...` to show where the warning was created)
Started with the following options:
{
  debug: true,
  mitmIp: '10.0.3.1',
  autoAccess: true,
  autoAccessCache: 5000,
  maxAttemptsPerConnection: 6,
  sshServerIdentifier: 'SSH-2.0-OpenSSH_6.6.1p1 Ubuntu-2ubuntu2',
  containerMountPathPrefix: '/var/lib/lxc',
  containerMountPathSuffix: 'rootfs/',
  loggingAttackerStreams: '/home/student/MITM/logs/session_streams',
  loggingAuthenticationAttempts: '/home/student/MITM/logs/authentication_attempts',
  loggingLogins: '/home/student/MITM/logs/logins',
  loggingLogouts: '/home/student/MITM/logs/logouts',
  loggingKeystrokes: '/home/student/MITM/logs/keystrokes',
  containerName: 'container1',
  containerIp: '10.0.3.184',
  mitmPort: 50088,
  autoAccessFixed: 1
}
Error: ENOENT: no such file or directory, open '/var/lib/lxc/container1/rootfs/etc/ssh/ssh_host_ecdsa_key'
    at Object.openSync (fs.js:498:3)
    at Object.readFileSync (fs.js:394:35)
    at readKeys (/home/student/MITM/server/keys.js:19:18)
    at readCTKeys (/home/student/MITM/server/keys.js:29:15)
    at Object.loadKeys (/home/student/MITM/server/keys.js:48:12)
    at Object.<anonymous> (/home/student/MITM/server/index.js:160:29)
    at Module._compile (internal/modules/cjs/loader.js:1085:14)
    at Object.Module._extensions..js (internal/modules/cjs/loader.js:1114:10)
    at Module.load (internal/modules/cjs/loader.js:950:32)
    at Function.Module._load (internal/modules/cjs/loader.js:790:12) {
  errno: -2,
  syscall: 'open',
  code: 'ENOENT',
  path: '/var/lib/lxc/container1/rootfs/etc/ssh/ssh_host_ecdsa_key'
}
[ERROR] Could not read the keys from the container! Is the container mounted/running and is openssh-server installed?
{"level":"error","message":"Forever detected script exited with code: 1"}
